#
# There is insufficient memory for the Java Runtime Environment to continue.
# Native memory allocation (mmap) failed to map 67108864 bytes for Failed to commit area from 0x00000000fc000000 to 0x0000000100000000 of length 67108864.
# Possible reasons:
#   The system is out of physical RAM or swap space
#   The process is running with CompressedOops enabled, and the Java Heap may be blocking the growth of the native heap
# Possible solutions:
#   Reduce memory load on the system
#   Increase physical memory or swap space
#   Check if swap backing store is full
#   Decrease Java heap size (-Xmx/-Xms)
#   Decrease number of Java threads
#   Decrease Java thread stack sizes (-Xss)
#   Set larger code cache with -XX:ReservedCodeCacheSize=
# This output file may be truncated or incomplete.
#
#  Out of Memory Error (./src/hotspot/os/windows/os_windows.cpp:3311), pid=15492, tid=19104
#
# JRE version:  (11.0.13+8) (build )
# Java VM: OpenJDK 64-Bit Server VM (11.0.13+8, mixed mode, sharing, tiered, compressed oops, g1 gc, windows-amd64)
# No core dump will be written. Minidumps are not enabled by default on client versions of Windows
#

---------------  S U M M A R Y ------------

Command Line: -Xmx64m -Xms64m -Dorg.gradle.appname=gradlew org.gradle.wrapper.GradleWrapperMain app:installDebug -PreactNativeDevServerPort=8081

Host: Intel(R) Core(TM) i5-7200U CPU @ 2.50GHz, 4 cores, 7G,  Windows 10 , 64 bit Build 17763 (10.0.17763.1)
Time: Wed Jun  8 20:30:18 2022 Hora oficial do Brasil elapsed time: 0.125058 seconds (0d 0h 0m 0s)

---------------  T H R E A D  ---------------

Current thread (0x000001a59bc0d000):  JavaThread "Unknown thread" [_thread_in_vm, id=19104, stack(0x0000009ea6f00000,0x0000009ea7000000)]

Stack: [0x0000009ea6f00000,0x0000009ea7000000]
Native frames: (J=compiled Java code, j=interpreted, Vv=VM code, C=native code)
V  [jvm.dll+0x64b92a]
V  [jvm.dll+0x78e4e9]
V  [jvm.dll+0x78fbcc]
V  [jvm.dll+0x790293]
V  [jvm.dll+0x265118]
V  [jvm.dll+0x6489fa]
V  [jvm.dll+0x63cfe5]
V  [jvm.dll+0x32010c]
V  [jvm.dll+0x31ff92]
V  [jvm.dll+0x325896]
V  [jvm.dll+0x3733af]
V  [jvm.dll+0x372dd0]
V  [jvm.dll+0x2fb808]
V  [jvm.dll+0x2fc976]
V  [jvm.dll+0x767b17]
V  [jvm.dll+0x7692df]
V  [jvm.dll+0x380269]
V  [jvm.dll+0x74a04e]
V  [jvm.dll+0x3f2fbd]
V  [jvm.dll+0x3f51e1]
C  [jli.dll+0x51c7]
C  [ucrtbase.dll+0x203ba]
C  [KERNEL32.DLL+0x17e94]
C  [ntdll.dll+0x67ad1]


---------------  P R O C E S S  ---------------

Threads class SMR info:
_java_thread_list=0x000001a599a25d90, length=0, elements={
}

Java Threads: ( => current thread )

Other Threads:
  0x000001a59bc26800 GCTaskThread "GC Thread#0" [stack: 0x0000009ea7000000,0x0000009ea7100000] [id=19952]
  0x000001a59bc2e000 ConcurrentGCThread "G1 Main Marker" [stack: 0x0000009ea7100000,0x0000009ea7200000] [id=13324]
  0x000001a59bc30000 ConcurrentGCThread "G1 Conc#0" [stack: 0x0000009ea7200000,0x0000009ea7300000] [id=2460]

[error occurred during error reporting (printing all threads), id 0xc0000005, EXCEPTION_ACCESS_VIOLATION (0xc0000005) at pc=0x00007fff2863af37]

VM state:not at safepoint (not fully initialized)

VM Mutex/Monitor currently owned by a thread:  ([mutex/lock_event])
[0x000001a59bc09440] Heap_lock - owner thread: 0x000001a59bc0d000

Heap address: 0x00000000fc000000, size: 64 MB, Compressed Oops mode: Non-zero based: 0x00000000fc000000
Narrow klass base: 0x0000000000000000, Narrow klass shift: 0

GC Heap History (0 events):
No events

Deoptimization events (0 events):
No events

Classes redefined (0 events):
No events

Internal exceptions (0 events):
No events

Events (1 events):
Event: 0.069 Loaded shared library C:\Program Files\OpenJDK\openjdk-11.0.13_8\bin\zip.dll


Dynamic libraries:
0x00007ff7e6ca0000 - 0x00007ff7e6cad000 	C:\Program Files\OpenJDK\openjdk-11.0.13_8\bin\java.exe
0x00007fffb4090000 - 0x00007fffb427d000 	C:\Windows\SYSTEM32\ntdll.dll
0x00007fffb1990000 - 0x00007fffb1a43000 	C:\Windows\System32\KERNEL32.DLL
0x00007fffb0a80000 - 0x00007fffb0d13000 	C:\Windows\System32\KERNELBASE.dll
0x00007fffb0160000 - 0x00007fffb025c000 	C:\Windows\System32\ucrtbase.dll
0x00007fff93500000 - 0x00007fff93516000 	C:\Program Files\OpenJDK\openjdk-11.0.13_8\bin\VCRUNTIME140.dll
0x00007fff8e130000 - 0x00007fff8e148000 	C:\Program Files\OpenJDK\openjdk-11.0.13_8\bin\jli.dll
0x00007fffb3850000 - 0x00007fffb39e7000 	C:\Windows\System32\USER32.dll
0x00007fffb1010000 - 0x00007fffb1030000 	C:\Windows\System32\win32u.dll
0x00007fffa1a50000 - 0x00007fffa1cc9000 	C:\Windows\WinSxS\amd64_microsoft.windows.common-controls_6595b64144ccf1df_6.0.17763.1_none_f040600eff408c2d\COMCTL32.dll
0x00007fffb3f00000 - 0x00007fffb3f29000 	C:\Windows\System32\GDI32.dll
0x00007fffb1a50000 - 0x00007fffb1aee000 	C:\Windows\System32\msvcrt.dll
0x00007fffb1080000 - 0x00007fffb121a000 	C:\Windows\System32\gdi32full.dll
0x00007fffb13f0000 - 0x00007fffb171e000 	C:\Windows\System32\combase.dll
0x00007fffb09b0000 - 0x00007fffb0a50000 	C:\Windows\System32\msvcp_win.dll
0x00007fffb12c0000 - 0x00007fffb13e3000 	C:\Windows\System32\RPCRT4.dll
0x00007fffb1220000 - 0x00007fffb129e000 	C:\Windows\System32\bcryptPrimitives.dll
0x00007fffb1b70000 - 0x00007fffb1b9e000 	C:\Windows\System32\IMM32.DLL
0x00007fff71c70000 - 0x00007fff71d1a000 	C:\Program Files\OpenJDK\openjdk-11.0.13_8\bin\msvcp140.dll
0x00007fff28330000 - 0x00007fff28e7c000 	C:\Program Files\OpenJDK\openjdk-11.0.13_8\bin\server\jvm.dll
0x00007fffb3d20000 - 0x00007fffb3dc3000 	C:\Windows\System32\ADVAPI32.dll
0x00007fffb1840000 - 0x00007fffb18de000 	C:\Windows\System32\sechost.dll
0x00007fffb36d0000 - 0x00007fffb36d8000 	C:\Windows\System32\PSAPI.DLL
0x00007fffa0c80000 - 0x00007fffa0c89000 	C:\Windows\SYSTEM32\WSOCK32.dll
0x00007fffad250000 - 0x00007fffad274000 	C:\Windows\SYSTEM32\WINMM.dll
0x00007fffb1720000 - 0x00007fffb178d000 	C:\Windows\System32\WS2_32.dll
0x00007fffa8620000 - 0x00007fffa862a000 	C:\Windows\SYSTEM32\VERSION.dll
0x00007fffad140000 - 0x00007fffad16d000 	C:\Windows\SYSTEM32\winmmbase.dll
0x00007fffb1030000 - 0x00007fffb107a000 	C:\Windows\System32\cfgmgr32.dll
0x00007fffb0090000 - 0x00007fffb00a1000 	C:\Windows\System32\kernel.appcore.dll
0x00007fff8d2e0000 - 0x00007fff8d2f1000 	C:\Program Files\OpenJDK\openjdk-11.0.13_8\bin\verify.dll
0x00007fffaeab0000 - 0x00007fffaec9d000 	C:\Windows\SYSTEM32\DBGHELP.DLL
0x00007fffa0b50000 - 0x00007fffa0b7a000 	C:\Windows\SYSTEM32\dbgcore.DLL
0x00007fff76750000 - 0x00007fff76779000 	C:\Program Files\OpenJDK\openjdk-11.0.13_8\bin\java.dll
0x00007fff99e30000 - 0x00007fff99e3a000 	C:\Program Files\OpenJDK\openjdk-11.0.13_8\bin\jimage.dll
0x00007fff8d1f0000 - 0x00007fff8d207000 	C:\Program Files\OpenJDK\openjdk-11.0.13_8\bin\zip.dll

dbghelp: loaded successfully - version: 4.0.5 - missing functions: none
symbol engine: initialized successfully - sym options: 0x614 - pdb path: .;C:\Program Files\OpenJDK\openjdk-11.0.13_8\bin;C:\Windows\SYSTEM32;C:\Windows\WinSxS\amd64_microsoft.windows.common-controls_6595b64144ccf1df_6.0.17763.1_none_f040600eff408c2d;C:\Program Files\OpenJDK\openjdk-11.0.13_8\bin\server

VM Arguments:
jvm_args: -Xmx64m -Xms64m -Dorg.gradle.appname=gradlew 
java_command: org.gradle.wrapper.GradleWrapperMain app:installDebug -PreactNativeDevServerPort=8081
java_class_path (initial): C:\life\RNM\android\\gradle\wrapper\gradle-wrapper.jar
Launcher Type: SUN_STANDARD

[Global flags]
     intx CICompilerCount                          = 3                                         {product} {ergonomic}
     uint ConcGCThreads                            = 1                                         {product} {ergonomic}
     uint G1ConcRefinementThreads                  = 4                                         {product} {ergonomic}
   size_t G1HeapRegionSize                         = 1048576                                   {product} {ergonomic}
    uintx GCDrainStackTargetSize                   = 64                                        {product} {ergonomic}
   size_t InitialHeapSize                          = 67108864                                  {product} {command line}
   size_t MarkStackSize                            = 4194304                                   {product} {ergonomic}
   size_t MaxHeapSize                              = 67108864                                  {product} {command line}
   size_t MinHeapDeltaBytes                        = 1048576                                   {product} {ergonomic}
    uintx NonNMethodCodeHeapSize                   = 5830732                                {pd product} {ergonomic}
    uintx NonProfiledCodeHeapSize                  = 122913754                              {pd product} {ergonomic}
    uintx ProfiledCodeHeapSize                     = 122913754                              {pd product} {ergonomic}
    uintx ReservedCodeCacheSize                    = 251658240                              {pd product} {ergonomic}
     bool SegmentedCodeCache                       = true                                      {product} {ergonomic}
     bool UseCompressedClassPointers               = true                                 {lp64_product} {ergonomic}
     bool UseCompressedOops                        = true                                 {lp64_product} {ergonomic}
     bool UseG1GC                                  = true                                      {product} {ergonomic}
     bool UseLargePagesIndividualAllocation        = false                                  {pd product} {ergonomic}

Logging:
Log output configuration:
 #0: stdout all=warning uptime,level,tags
 #1: stderr all=off uptime,level,tags

Environment Variables:
JAVA_HOME=C:\Program Files\OpenJDK\openjdk-11.0.13_8
CLASSPATH=C:\life\RNM\android\\gradle\wrapper\gradle-wrapper.jar
PATH=C:\life\RNM\android\node_modules\.bin;C:\life\RNM\node_modules\.bin;C:\life\node_modules\.bin;C:\node_modules\.bin;C:\Program Files\nodejs;C:\Program Files\Microsoft\jdk-11.0.12.7-hotspot\bin;C:\Windows\system32;C:\Windows;C:\Windows\System32\Wbem;C:\Windows\System32\WindowsPowerShell\v1.0\;C:\Windows\System32\OpenSSH\;C:\Program Files\Git\cmd;";C:\Users\Carol\AppData\Local\Android\Sdk\tools;C:\Users\Carol\AppData\Local\Android\Sdk\tools\bin;C:\Users\Carol\AppData\Local\Android\Sdk\platform-tools;C:\Users\Carol\AppData\Local\Yarn\bin";C:\ProgramData\chocolatey\bin;C:\Program Files\OpenJDK\openjdk-11.0.13_8\bin;C:\Users\Carol\AppData\Roaming\nvm;C:\Program Files\nodejs;C:\Program Files\dotnet\;C:\Users\Carol\AppData\Local\Microsoft\WindowsApps;C:\Users\Carol\AppData\Local\Programs\Microsoft VS Code\bin;C:\Program Files\JetBrains\PyCharm Community Edition 2021.2.3\bin;;C:\Users\Carol\AppData\Roaming\npm;C:\Users\Carol\AppData\Roaming\nvm;C:\Program Files\nodejs;C:\Program Files\heroku\bin;C:\Program Files\MongoDB\Server\5.0\bin;C:\src\flutter\bin;
USERNAME=Carol
LANG=pt_BR.UTF-8
OS=Windows_NT
PROCESSOR_IDENTIFIER=Intel64 Family 6 Model 142 Stepping 9, GenuineIntel



---------------  S Y S T E M  ---------------

OS: Windows 10 , 64 bit Build 17763 (10.0.17763.1)
OS uptime: 4 days 22:41 hours

CPU:total 4 (initial active 4) (2 cores per cpu, 2 threads per core) family 6 model 142 stepping 9 microcode 0x8e, cmov, cx8, fxsr, mmx, sse, sse2, sse3, ssse3, sse4.1, sse4.2, popcnt, avx, avx2, aes, clmul, erms, 3dnowpref, lzcnt, ht, tsc, tscinvbit, bmi1, bmi2, adx, fma

Memory: 4k page, system-wide physical 7967M (569M free)
TotalPageFile size 17138M (AvailPageFile size 17M)
current process WorkingSet (physical memory assigned to process): 9M, peak: 9M
current process commit charge ("private bytes"): 51M, peak: 115M

vm_info: OpenJDK 64-Bit Server VM (11.0.13+8) for windows-amd64 JRE (11.0.13+8), built on Oct  8 2021 16:28:06 by "" with MS VC++ 15.5 (VS2017)

END.
